<?xml version="1.0" encoding="UTF-8"?>
<testng-results ignored="0" total="1" passed="1" failed="0" skipped="0">
  <reporter-output>
  </reporter-output>
  <suite started-at="2024-05-14T10:14:38Z" name="Default suite" finished-at="2024-05-14T10:14:58Z" duration-ms="20212">
    <groups>
    </groups>
    <test started-at="2024-05-14T10:14:38Z" name="Default test" finished-at="2024-05-14T10:14:58Z" duration-ms="20212">
      <class name="TestCases.Regression.Regression">
        <test-method signature="tc_01()[pri:0, instance:TestCases.Regression.Regression@5b247367]" started-at="2024-05-14T10:14:38Z" name="tc_01" finished-at="2024-05-14T10:14:58Z" duration-ms="20198" status="PASS">
          <reporter-output>
          </reporter-output>
        </test-method> <!-- tc_01 -->
      </class> <!-- TestCases.Regression.Regression -->
    </test> <!-- Default test -->
  </suite> <!-- Default suite -->
</testng-results>
