<?xml version="1.0" encoding="UTF-8"?>
<!-- Generated by org.testng.reporters.JUnitXMLReporter -->
<testsuite ignored="0" hostname="PWT-L1019-YOGIT" failures="1" tests="1" name="EdgeTest" time="0.004" errors="0" timestamp="10 Jul 2024 07:39:07 GMT">
  <testcase classname="CrossBrowser.CrossBrowserTest" name="citibanklogin" time="0.0">
    <failure type="java.lang.NullPointerException" message="Cannot invoke &amp;quot;org.openqa.selenium.WebDriver.get(String)&amp;quot; because &amp;quot;this.driver&amp;quot; is null">
      <![CDATA[java.lang.NullPointerException: Cannot invoke "org.openqa.selenium.WebDriver.get(String)" because "this.driver" is null
at CrossBrowser.CrossBrowserTest.citibanklogin(CrossBrowserTest.java:57)
... Removed 25 stack frames]]>
    </failure>
  </testcase> <!-- citibanklogin -->
</testsuite> <!-- EdgeTest -->
